<?xml version="1.0" encoding="UTF-8"?>
<!-- Generated by org.testng.reporters.JUnitReportReporter -->
<testsuite hostname="6343a23644e7" name="marytts.util.string.ByteStringTranslatorTest" tests="14" failures="0" timestamp="23 Sep 2016 10:12:43 GMT" time="0.001" errors="0">
  <testcase name="maxListCompareString2" time="0.000" classname="marytts.util.string.ByteStringTranslatorTest"/>
  <testcase name="smallListContainsString" time="0.000" classname="marytts.util.string.ByteStringTranslatorTest"/>
  <testcase name="smallListLength" time="0.000" classname="marytts.util.string.ByteStringTranslatorTest"/>
  <testcase name="maxListLength" time="0.000" classname="marytts.util.string.ByteStringTranslatorTest"/>
  <testcase name="maxListDoesntContainString" time="0.000" classname="marytts.util.string.ByteStringTranslatorTest"/>
  <testcase name="smallListDoesntContainByte" time="0.000" classname="marytts.util.string.ByteStringTranslatorTest"/>
  <testcase name="tooLargeList" time="0.001" classname="marytts.util.string.ByteStringTranslatorTest"/>
  <testcase name="smallListCompareString" time="0.000" classname="marytts.util.string.ByteStringTranslatorTest"/>
  <testcase name="smallListDoesntContainString" time="0.000" classname="marytts.util.string.ByteStringTranslatorTest"/>
  <testcase name="maxListContainsString" time="0.000" classname="marytts.util.string.ByteStringTranslatorTest"/>
  <testcase name="maxListContainsByte" time="0.000" classname="marytts.util.string.ByteStringTranslatorTest"/>
  <testcase name="smallListContainsByte" time="0.000" classname="marytts.util.string.ByteStringTranslatorTest"/>
  <testcase name="maxListCompareString" time="0.000" classname="marytts.util.string.ByteStringTranslatorTest"/>
  <testcase name="canCreateMaxList" time="0.000" classname="marytts.util.string.ByteStringTranslatorTest"/>
</testsuite> <!-- marytts.util.string.ByteStringTranslatorTest -->
