<?xml version="1.0" encoding="UTF-8"?>
<!-- Generated by org.testng.reporters.JUnitReportReporter -->
<testsuite hostname="6343a23644e7" name="marytts.util.dom.DomUtilsTest" tests="2" failures="0" timestamp="23 Sep 2016 09:05:00 GMT" time="0.070" errors="0">
  <testcase name="validatingParseStream" time="0.053" classname="marytts.util.dom.DomUtilsTest"/>
  <testcase name="validatingParseString" time="0.017" classname="marytts.util.dom.DomUtilsTest"/>
</testsuite> <!-- marytts.util.dom.DomUtilsTest -->
