<?xml version="1.0" encoding="UTF-8"?>
<!-- Generated by org.testng.reporters.JUnitReportReporter -->
<testsuite hostname="6343a23644e7" name="marytts.util.dom.DomUtilsTest" tests="2" failures="0" timestamp="23 Sep 2016 10:12:43 GMT" time="0.051" errors="0">
  <testcase name="validatingParseStream" time="0.038" classname="marytts.util.dom.DomUtilsTest"/>
  <testcase name="validatingParseString" time="0.013" classname="marytts.util.dom.DomUtilsTest"/>
</testsuite> <!-- marytts.util.dom.DomUtilsTest -->
