<?xml version="1.0" encoding="UTF-8"?>
<!-- Generated by org.testng.reporters.JUnitReportReporter -->
<testsuite hostname="6343a23644e7" name="marytts.language.en.PreprocessTest" tests="36" failures="0" timestamp="23 Sep 2016 09:05:13 GMT" time="0.084" errors="0">
  <testcase name="testExpandDate" time="0.054" classname="marytts.language.en.PreprocessTest"/>
  <testcase name="testExpandNum" time="0.000" classname="marytts.language.en.PreprocessTest"/>
  <testcase name="testExpandRealNum" time="0.000" classname="marytts.language.en.PreprocessTest"/>
  <testcase name="testExpandConsonants" time="0.008" classname="marytts.language.en.PreprocessTest"/>
  <testcase name="testExpandNum" time="0.000" classname="marytts.language.en.PreprocessTest"/>
  <testcase name="testExpandYear" time="0.000" classname="marytts.language.en.PreprocessTest"/>
  <testcase name="testExpandRange" time="0.000" classname="marytts.language.en.PreprocessTest"/>
  <testcase name="testExpandTime" time="0.001" classname="marytts.language.en.PreprocessTest"/>
  <testcase name="testExpandAbbrev" time="0.000" classname="marytts.language.en.PreprocessTest"/>
  <testcase name="testExpandTime" time="0.000" classname="marytts.language.en.PreprocessTest"/>
  <testcase name="testExpandOrdinal" time="0.000" classname="marytts.language.en.PreprocessTest"/>
  <testcase name="testExpandNumberS" time="0.000" classname="marytts.language.en.PreprocessTest"/>
  <testcase name="testExpandNum" time="0.000" classname="marytts.language.en.PreprocessTest"/>
  <testcase name="testExpandAbbrev" time="0.000" classname="marytts.language.en.PreprocessTest"/>
  <testcase name="testExpandTime" time="0.000" classname="marytts.language.en.PreprocessTest"/>
  <testcase name="testExpandTime" time="0.000" classname="marytts.language.en.PreprocessTest"/>
  <testcase name="testExpandOrdinal" time="0.000" classname="marytts.language.en.PreprocessTest"/>
  <testcase name="testOneWord" time="0.015" classname="marytts.language.en.PreprocessTest"/>
  <testcase name="testExpandNumWord" time="0.001" classname="marytts.language.en.PreprocessTest"/>
  <testcase name="testExpandURL" time="0.000" classname="marytts.language.en.PreprocessTest"/>
  <testcase name="testExpandDate" time="0.000" classname="marytts.language.en.PreprocessTest"/>
  <testcase name="testExpandHashtag" time="0.000" classname="marytts.language.en.PreprocessTest"/>
  <testcase name="testExpandNum" time="0.000" classname="marytts.language.en.PreprocessTest"/>
  <testcase name="testExpandYear" time="0.000" classname="marytts.language.en.PreprocessTest"/>
  <testcase name="testExpandNumWord" time="0.000" classname="marytts.language.en.PreprocessTest"/>
  <testcase name="testExpandYear" time="0.001" classname="marytts.language.en.PreprocessTest"/>
  <testcase name="testExpandUnknownAbbrev" time="0.000" classname="marytts.language.en.PreprocessTest"/>
  <testcase name="testExpandNum" time="0.000" classname="marytts.language.en.PreprocessTest"/>
  <testcase name="testExpandOrdinal" time="0.000" classname="marytts.language.en.PreprocessTest"/>
  <testcase name="testExpandRealNum" time="0.001" classname="marytts.language.en.PreprocessTest"/>
  <testcase name="testExpandYearBCAD" time="0.000" classname="marytts.language.en.PreprocessTest"/>
  <testcase name="testExpandNum" time="0.000" classname="marytts.language.en.PreprocessTest"/>
  <testcase name="testExpandRealNum" time="0.000" classname="marytts.language.en.PreprocessTest"/>
  <testcase name="testExpandAbbrev" time="0.002" classname="marytts.language.en.PreprocessTest"/>
  <testcase name="testExpandRealNum" time="0.001" classname="marytts.language.en.PreprocessTest"/>
  <testcase name="testExpandYear" time="0.000" classname="marytts.language.en.PreprocessTest"/>
</testsuite> <!-- marytts.language.en.PreprocessTest -->
