<?xml version="1.0" encoding="UTF-8"?>
<!-- Generated by org.testng.reporters.JUnitReportReporter -->
<testsuite hostname="6343a23644e7" name="marytts.language.fr.PreprocessTest" tests="18" failures="0" timestamp="23 Sep 2016 10:13:03 GMT" time="0.046" errors="0">
  <testcase name="testSpellout" time="0.001" classname="marytts.language.fr.PreprocessTest"/>
  <testcase name="testSpellout" time="0.002" classname="marytts.language.fr.PreprocessTest"/>
  <testcase name="testExpandOrdinal" time="0.000" classname="marytts.language.fr.PreprocessTest"/>
  <testcase name="testSpellout" time="0.001" classname="marytts.language.fr.PreprocessTest"/>
  <testcase name="testExpandNum" time="0.000" classname="marytts.language.fr.PreprocessTest"/>
  <testcase name="testSpellout" time="0.002" classname="marytts.language.fr.PreprocessTest"/>
  <testcase name="testSpellout" time="0.001" classname="marytts.language.fr.PreprocessTest"/>
  <testcase name="testExpandNum" time="0.010" classname="marytts.language.fr.PreprocessTest"/>
  <testcase name="testSpellout" time="0.023" classname="marytts.language.fr.PreprocessTest"/>
  <testcase name="testExpandNum" time="0.000" classname="marytts.language.fr.PreprocessTest"/>
  <testcase name="testSpellout" time="0.002" classname="marytts.language.fr.PreprocessTest"/>
  <testcase name="testExpandNum" time="0.000" classname="marytts.language.fr.PreprocessTest"/>
  <testcase name="testSpellout" time="0.002" classname="marytts.language.fr.PreprocessTest"/>
  <testcase name="testExpandNum" time="0.000" classname="marytts.language.fr.PreprocessTest"/>
  <testcase name="testExpandOrdinal" time="0.000" classname="marytts.language.fr.PreprocessTest"/>
  <testcase name="testExpandOrdinal" time="0.000" classname="marytts.language.fr.PreprocessTest"/>
  <testcase name="testSpellout" time="0.001" classname="marytts.language.fr.PreprocessTest"/>
  <testcase name="testSpellout" time="0.001" classname="marytts.language.fr.PreprocessTest"/>
</testsuite> <!-- marytts.language.fr.PreprocessTest -->
