<?xml version="1.0" encoding="UTF-8"?>
<!-- Generated by org.testng.reporters.JUnitReportReporter -->
<testsuite hostname="6343a23644e7" name="marytts.language.fr.FrenchConfigTest" tests="3" failures="0" timestamp="23 Sep 2016 10:13:03 GMT" time="0.006" errors="0">
  <testcase name="isNotMainConfig" time="0.001" classname="marytts.language.fr.FrenchConfigTest"/>
  <testcase name="canGet" time="0.004" classname="marytts.language.fr.FrenchConfigTest"/>
  <testcase name="hasFrenchLocale" time="0.001" classname="marytts.language.fr.FrenchConfigTest"/>
</testsuite> <!-- marytts.language.fr.FrenchConfigTest -->
