<?xml version="1.0" encoding="UTF-8"?>
<!-- Generated by org.testng.reporters.JUnitReportReporter -->
<testsuite hostname="6343a23644e7" name="marytts.language.en.EnglishConfigTest" tests="6" failures="0" timestamp="23 Sep 2016 10:12:56 GMT" time="0.003" errors="0">
  <testcase name="hasEnglishLocale" time="0.001" classname="marytts.language.en.EnglishConfigTest"/>
  <testcase name="hasAllophoneSet" time="0.001" classname="marytts.language.en.EnglishConfigTest"/>
  <testcase name="haveLanguageConfig" time="0.000" classname="marytts.language.en.EnglishConfigTest"/>
  <testcase name="haveLanguageConfig2" time="0.000" classname="marytts.language.en.EnglishConfigTest"/>
  <testcase name="isNotMainConfig" time="0.000" classname="marytts.language.en.EnglishConfigTest"/>
  <testcase name="canGet" time="0.001" classname="marytts.language.en.EnglishConfigTest"/>
</testsuite> <!-- marytts.language.en.EnglishConfigTest -->
