<?xml version="1.0" encoding="UTF-8"?>
<!-- Generated by org.testng.reporters.JUnitReportReporter -->
<testsuite hostname="6343a23644e7" name="marytts.language.lb.LuxembourgishPreprocessTest" tests="19" failures="0" timestamp="23 Sep 2016 10:13:06 GMT" time="0.289" errors="0">
  <testcase name="testProcess" time="0.009" classname="marytts.language.lb.LuxembourgishPreprocessTest"/>
  <testcase name="testProcess" time="0.008" classname="marytts.language.lb.LuxembourgishPreprocessTest"/>
  <testcase name="testProcess" time="0.006" classname="marytts.language.lb.LuxembourgishPreprocessTest"/>
  <testcase name="testExpandCardinal" time="0.000" classname="marytts.language.lb.LuxembourgishPreprocessTest"/>
  <testcase name="testProcess" time="0.008" classname="marytts.language.lb.LuxembourgishPreprocessTest"/>
  <testcase name="testProcess" time="0.007" classname="marytts.language.lb.LuxembourgishPreprocessTest"/>
  <testcase name="testProcess" time="0.007" classname="marytts.language.lb.LuxembourgishPreprocessTest"/>
  <testcase name="testExpandCardinal" time="0.000" classname="marytts.language.lb.LuxembourgishPreprocessTest"/>
  <testcase name="testExpandCardinal" time="0.000" classname="marytts.language.lb.LuxembourgishPreprocessTest"/>
  <testcase name="testProcess" time="0.179" classname="marytts.language.lb.LuxembourgishPreprocessTest"/>
  <testcase name="testExpandCardinal" time="0.000" classname="marytts.language.lb.LuxembourgishPreprocessTest"/>
  <testcase name="testProcess" time="0.007" classname="marytts.language.lb.LuxembourgishPreprocessTest"/>
  <testcase name="testProcess" time="0.008" classname="marytts.language.lb.LuxembourgishPreprocessTest"/>
  <testcase name="testExpandCardinal" time="0.000" classname="marytts.language.lb.LuxembourgishPreprocessTest"/>
  <testcase name="testExpandCardinal" time="0.000" classname="marytts.language.lb.LuxembourgishPreprocessTest"/>
  <testcase name="testExpandCardinal" time="0.000" classname="marytts.language.lb.LuxembourgishPreprocessTest"/>
  <testcase name="testExpandCardinal" time="0.031" classname="marytts.language.lb.LuxembourgishPreprocessTest"/>
  <testcase name="testProcess" time="0.011" classname="marytts.language.lb.LuxembourgishPreprocessTest"/>
  <testcase name="testProcess" time="0.008" classname="marytts.language.lb.LuxembourgishPreprocessTest"/>
</testsuite> <!-- marytts.language.lb.LuxembourgishPreprocessTest -->
