<?xml version="1.0" encoding="UTF-8"?>
<!-- Generated by org.testng.reporters.JUnitReportReporter -->
<testsuite hostname="6343a23644e7" name="marytts.language.lb.LuxembourgishConfigTest" tests="3" failures="0" timestamp="23 Sep 2016 09:05:23 GMT" time="0.003" errors="0">
  <testcase name="canGet" time="0.001" classname="marytts.language.lb.LuxembourgishConfigTest"/>
  <testcase name="hasLuxembourgishLocale" time="0.001" classname="marytts.language.lb.LuxembourgishConfigTest"/>
  <testcase name="isNotMainConfig" time="0.001" classname="marytts.language.lb.LuxembourgishConfigTest"/>
</testsuite> <!-- marytts.language.lb.LuxembourgishConfigTest -->
