<?xml version="1.0" encoding="UTF-8"?>
<!-- Generated by org.testng.reporters.JUnitReportReporter -->
<testsuite hostname="6343a23644e7" name="marytts.language.lb.LuxembourgishPhonemiserTest" tests="5" failures="0" timestamp="23 Sep 2016 09:05:23 GMT" time="0.049" errors="0">
  <testcase name="testProcess" time="0.008" classname="marytts.language.lb.LuxembourgishPhonemiserTest"/>
  <testcase name="testProcess" time="0.007" classname="marytts.language.lb.LuxembourgishPhonemiserTest"/>
  <testcase name="testProcess" time="0.020" classname="marytts.language.lb.LuxembourgishPhonemiserTest"/>
  <testcase name="testProcess" time="0.007" classname="marytts.language.lb.LuxembourgishPhonemiserTest"/>
  <testcase name="testProcess" time="0.007" classname="marytts.language.lb.LuxembourgishPhonemiserTest"/>
</testsuite> <!-- marytts.language.lb.LuxembourgishPhonemiserTest -->
