<?xml version="1.0" encoding="UTF-8"?>
<!-- Generated by org.testng.reporters.JUnitReportReporter -->
<testsuite hostname="6343a23644e7" name="marytts.language.it.JPhonemiserIT" tests="1" failures="0" timestamp="23 Sep 2016 09:05:19 GMT" time="0.003" errors="0">
  <testcase name="testIsPosPunctuation" time="0.003" classname="marytts.language.it.JPhonemiserIT"/>
</testsuite> <!-- marytts.language.it.JPhonemiserIT -->
