<?xml version="1.0" encoding="UTF-8"?>
<!-- Generated by org.testng.reporters.JUnitReportReporter -->
<testsuite hostname="6343a23644e7" name="marytts.language.it.JTokeniserIT" tests="5" failures="0" timestamp="23 Sep 2016 10:13:02 GMT" time="0.007" errors="0">
  <testcase name="testQuest" time="0.001" classname="marytts.language.it.JTokeniserIT"/>
  <testcase name="testExclam" time="0.001" classname="marytts.language.it.JTokeniserIT"/>
  <testcase name="testDots1" time="0.002" classname="marytts.language.it.JTokeniserIT"/>
  <testcase name="testDots2" time="0.001" classname="marytts.language.it.JTokeniserIT"/>
  <testcase name="testDots3" time="0.002" classname="marytts.language.it.JTokeniserIT"/>
</testsuite> <!-- marytts.language.it.JTokeniserIT -->
