<?xml version="1.0" encoding="UTF-8"?>
<!-- Generated by org.testng.reporters.JUnitReportReporter -->
<testsuite hostname="6343a23644e7" name="marytts.language.en.OpenNLPPosTaggerIT" tests="1" failures="0" timestamp="23 Sep 2016 10:12:58 GMT" time="0.314" errors="0">
  <testcase name="posExample2" time="0.314" classname="marytts.language.en.OpenNLPPosTaggerIT"/>
</testsuite> <!-- marytts.language.en.OpenNLPPosTaggerIT -->
