<?xml version="1.0" encoding="UTF-8"?>
<!-- Generated by org.testng.reporters.JUnitReportReporter -->
<testsuite hostname="6343a23644e7" name="marytts.features.FeatureProcessorIT" tests="8" failures="0" timestamp="23 Sep 2016 10:12:58 GMT" time="0.002" errors="0">
  <testcase name="syllableNavigators" time="0.001" classname="marytts.features.FeatureProcessorIT"/>
  <testcase name="haveAcoustparams" time="0.000" classname="marytts.features.FeatureProcessorIT"/>
  <testcase name="otherNavigators" time="0.001" classname="marytts.features.FeatureProcessorIT"/>
  <testcase name="phone" time="0.000" classname="marytts.features.FeatureProcessorIT"/>
  <testcase name="segmentNavigators" time="0.000" classname="marytts.features.FeatureProcessorIT"/>
  <testcase name="targetHasMatchingXML" time="0.000" classname="marytts.features.FeatureProcessorIT"/>
  <testcase name="sameNumberOfTargetsAndSegments" time="0.000" classname="marytts.features.FeatureProcessorIT"/>
  <testcase name="haveTargets" time="0.000" classname="marytts.features.FeatureProcessorIT"/>
</testsuite> <!-- marytts.features.FeatureProcessorIT -->
