<?xml version="1.0" encoding="UTF-8"?>
<!-- Generated by org.testng.reporters.JUnitReportReporter -->
<testsuite hostname="6343a23644e7" name="marytts.language.en.MaryInterfaceEnIT" tests="4" failures="0" timestamp="23 Sep 2016 10:12:58 GMT" time="0.855" errors="0">
  <testcase name="convertTextToPhonemes" time="0.006" classname="marytts.language.en.MaryInterfaceEnIT"/>
  <testcase name="convertTextToAcoustparams" time="0.835" classname="marytts.language.en.MaryInterfaceEnIT"/>
  <testcase name="convertTextToTargetfeatures" time="0.010" classname="marytts.language.en.MaryInterfaceEnIT"/>
  <testcase name="canSelectTargetfeatures" time="0.004" classname="marytts.language.en.MaryInterfaceEnIT"/>
</testsuite> <!-- marytts.language.en.MaryInterfaceEnIT -->
