<?xml version="1.0" encoding="UTF-8"?>
<!-- Generated by org.testng.reporters.JUnitReportReporter -->
<testsuite hostname="6343a23644e7" name="marytts.language.en.JPhonemiserIT" tests="2" failures="0" timestamp="23 Sep 2016 09:05:15 GMT" time="0.000" errors="0">
  <testcase name="testIsPosPunctuation" time="0.000" classname="marytts.language.en.JPhonemiserIT"/>
  <testcase name="testMaybePronounceable" time="0.000" classname="marytts.language.en.JPhonemiserIT"/>
</testsuite> <!-- marytts.language.en.JPhonemiserIT -->
