<?xml version="1.0" encoding="UTF-8"?>
<!-- Generated by org.testng.reporters.JUnitReportReporter -->
<testsuite hostname="6343a23644e7" name="marytts.language.it.PreprocessTest" tests="13" failures="0" timestamp="23 Sep 2016 10:13:01 GMT" time="0.004" errors="0">
  <testcase name="testNumbers" time="0.001" classname="marytts.language.it.PreprocessTest"/>
  <testcase name="testNumbers" time="0.000" classname="marytts.language.it.PreprocessTest"/>
  <testcase name="testNumbers" time="0.001" classname="marytts.language.it.PreprocessTest"/>
  <testcase name="testNumbers" time="0.000" classname="marytts.language.it.PreprocessTest"/>
  <testcase name="testNumbers" time="0.001" classname="marytts.language.it.PreprocessTest"/>
  <testcase name="testNumbers" time="0.000" classname="marytts.language.it.PreprocessTest"/>
  <testcase name="testNumbers" time="0.000" classname="marytts.language.it.PreprocessTest"/>
  <testcase name="testNumbers" time="0.000" classname="marytts.language.it.PreprocessTest"/>
  <testcase name="testNumbers" time="0.000" classname="marytts.language.it.PreprocessTest"/>
  <testcase name="testNumbers" time="0.000" classname="marytts.language.it.PreprocessTest"/>
  <testcase name="testNumbers" time="0.001" classname="marytts.language.it.PreprocessTest"/>
  <testcase name="testNumbers" time="0.000" classname="marytts.language.it.PreprocessTest"/>
  <testcase name="testNumbers" time="0.000" classname="marytts.language.it.PreprocessTest"/>
</testsuite> <!-- marytts.language.it.PreprocessTest -->
