<?xml version="1.0" encoding="UTF-8"?>
<!-- Generated by org.testng.reporters.JUnitReportReporter -->
<testsuite hostname="6343a23644e7" name="marytts.language.lb.JTokeniserIT" tests="5" failures="0" timestamp="23 Sep 2016 09:05:24 GMT" time="0.010" errors="0">
  <testcase name="testExclam" time="0.002" classname="marytts.language.lb.JTokeniserIT"/>
  <testcase name="testQuest" time="0.001" classname="marytts.language.lb.JTokeniserIT"/>
  <testcase name="testDots2" time="0.001" classname="marytts.language.lb.JTokeniserIT"/>
  <testcase name="testDots1" time="0.005" classname="marytts.language.lb.JTokeniserIT"/>
  <testcase name="testDots3" time="0.001" classname="marytts.language.lb.JTokeniserIT"/>
</testsuite> <!-- marytts.language.lb.JTokeniserIT -->
