<?xml version="1.0" encoding="UTF-8"?>
<!-- Generated by org.testng.reporters.JUnitReportReporter -->
<testsuite hostname="6343a23644e7" name="marytts.language.it.ItalianConfigTest" tests="3" failures="0" timestamp="23 Sep 2016 10:13:01 GMT" time="0.009" errors="0">
  <testcase name="hasItalianLocale" time="0.005" classname="marytts.language.it.ItalianConfigTest"/>
  <testcase name="isNotMainConfig" time="0.001" classname="marytts.language.it.ItalianConfigTest"/>
  <testcase name="canGet" time="0.003" classname="marytts.language.it.ItalianConfigTest"/>
</testsuite> <!-- marytts.language.it.ItalianConfigTest -->
